生成启动时间为 2013/11/21 12:30:02。
     1>项目“F:\OOP\EvilCastle\EvilCastle\EvilCastle.vcxproj”在节点 2 上(Build 个目标)。
     1>ClCompile:
         D:\Microsoft Visual Studio 11.0\VC\bin\CL.exe /c /Zi /nologo /W3 /WX- /O2 /Oi /Oy- /GL /D _MBCS /Gm- /EHsc /MTd /GS /Gy /fp:precise /Zc:wchar_t /Zc:forScope /Fo"Release\\" /Fd"Release\vc110.pdb" /Gd /TP /analyze- /errorReport:prompt main.cpp
         main.cpp
     1>main.cpp(26): warning C4996: 'kbhit': The POSIX name for this item is deprecated. Instead, use the ISO C++ conformant name: _kbhit. See online help for details.
                 D:\Microsoft Visual Studio 11.0\VC\include\conio.h(133) : 参见“kbhit”的声明
     1>main.cpp(26): warning C4996: 'getch': The POSIX name for this item is deprecated. Instead, use the ISO C++ conformant name: _getch. See online help for details.
                 D:\Microsoft Visual Studio 11.0\VC\include\conio.h(131) : 参见“getch”的声明
     1>main.cpp(29): warning C4996: 'getch': The POSIX name for this item is deprecated. Instead, use the ISO C++ conformant name: _getch. See online help for details.
                 D:\Microsoft Visual Studio 11.0\VC\include\conio.h(131) : 参见“getch”的声明
     1>main.cpp(49): warning C4996: 'kbhit': The POSIX name for this item is deprecated. Instead, use the ISO C++ conformant name: _kbhit. See online help for details.
                 D:\Microsoft Visual Studio 11.0\VC\include\conio.h(133) : 参见“kbhit”的声明
     1>main.cpp(50): warning C4996: 'getch': The POSIX name for this item is deprecated. Instead, use the ISO C++ conformant name: _getch. See online help for details.
                 D:\Microsoft Visual Studio 11.0\VC\include\conio.h(131) : 参见“getch”的声明
     1>main.cpp(73): warning C4996: 'kbhit': The POSIX name for this item is deprecated. Instead, use the ISO C++ conformant name: _kbhit. See online help for details.
                 D:\Microsoft Visual Studio 11.0\VC\include\conio.h(133) : 参见“kbhit”的声明
     1>main.cpp(74): warning C4996: 'getch': The POSIX name for this item is deprecated. Instead, use the ISO C++ conformant name: _getch. See online help for details.
                 D:\Microsoft Visual Studio 11.0\VC\include\conio.h(131) : 参见“getch”的声明
     1>main.cpp(101): warning C4996: 'kbhit': The POSIX name for this item is deprecated. Instead, use the ISO C++ conformant name: _kbhit. See online help for details.
                 D:\Microsoft Visual Studio 11.0\VC\include\conio.h(133) : 参见“kbhit”的声明
     1>main.cpp(111): warning C4996: 'kbhit': The POSIX name for this item is deprecated. Instead, use the ISO C++ conformant name: _kbhit. See online help for details.
                 D:\Microsoft Visual Studio 11.0\VC\include\conio.h(133) : 参见“kbhit”的声明
     1>main.cpp(112): warning C4996: 'getch': The POSIX name for this item is deprecated. Instead, use the ISO C++ conformant name: _getch. See online help for details.
                 D:\Microsoft Visual Studio 11.0\VC\include\conio.h(131) : 参见“getch”的声明
     1>main.cpp(120): warning C4996: 'kbhit': The POSIX name for this item is deprecated. Instead, use the ISO C++ conformant name: _kbhit. See online help for details.
                 D:\Microsoft Visual Studio 11.0\VC\include\conio.h(133) : 参见“kbhit”的声明
     1>main.cpp(125): warning C4996: 'kbhit': The POSIX name for this item is deprecated. Instead, use the ISO C++ conformant name: _kbhit. See online help for details.
                 D:\Microsoft Visual Studio 11.0\VC\include\conio.h(133) : 参见“kbhit”的声明
     1>main.cpp(151): warning C4996: '_sleep': This function or variable has been superceded by newer library or operating system functionality. Consider using Sleep instead. See online help for details.
                 D:\Microsoft Visual Studio 11.0\VC\include\stdlib.h(881) : 参见“_sleep”的声明
     1>main.cpp(159): warning C4996: '_sleep': This function or variable has been superceded by newer library or operating system functionality. Consider using Sleep instead. See online help for details.
                 D:\Microsoft Visual Studio 11.0\VC\include\stdlib.h(881) : 参见“_sleep”的声明
     1>main.cpp(167): warning C4996: '_sleep': This function or variable has been superceded by newer library or operating system functionality. Consider using Sleep instead. See online help for details.
                 D:\Microsoft Visual Studio 11.0\VC\include\stdlib.h(881) : 参见“_sleep”的声明
     1>main.cpp(175): warning C4996: '_sleep': This function or variable has been superceded by newer library or operating system functionality. Consider using Sleep instead. See online help for details.
                 D:\Microsoft Visual Studio 11.0\VC\include\stdlib.h(881) : 参见“_sleep”的声明
     1>main.cpp(181): warning C4996: '_sleep': This function or variable has been superceded by newer library or operating system functionality. Consider using Sleep instead. See online help for details.
                 D:\Microsoft Visual Studio 11.0\VC\include\stdlib.h(881) : 参见“_sleep”的声明
     1>main.cpp(214): warning C4996: 'kbhit': The POSIX name for this item is deprecated. Instead, use the ISO C++ conformant name: _kbhit. See online help for details.
                 D:\Microsoft Visual Studio 11.0\VC\include\conio.h(133) : 参见“kbhit”的声明
     1>main.cpp(219): warning C4996: 'kbhit': The POSIX name for this item is deprecated. Instead, use the ISO C++ conformant name: _kbhit. See online help for details.
                 D:\Microsoft Visual Studio 11.0\VC\include\conio.h(133) : 参见“kbhit”的声明
     1>main.cpp(245): warning C4996: '_sleep': This function or variable has been superceded by newer library or operating system functionality. Consider using Sleep instead. See online help for details.
                 D:\Microsoft Visual Studio 11.0\VC\include\stdlib.h(881) : 参见“_sleep”的声明
     1>main.cpp(253): warning C4996: '_sleep': This function or variable has been superceded by newer library or operating system functionality. Consider using Sleep instead. See online help for details.
                 D:\Microsoft Visual Studio 11.0\VC\include\stdlib.h(881) : 参见“_sleep”的声明
     1>main.cpp(261): warning C4996: '_sleep': This function or variable has been superceded by newer library or operating system functionality. Consider using Sleep instead. See online help for details.
                 D:\Microsoft Visual Studio 11.0\VC\include\stdlib.h(881) : 参见“_sleep”的声明
     1>main.cpp(269): warning C4996: '_sleep': This function or variable has been superceded by newer library or operating system functionality. Consider using Sleep instead. See online help for details.
                 D:\Microsoft Visual Studio 11.0\VC\include\stdlib.h(881) : 参见“_sleep”的声明
     1>main.cpp(275): warning C4996: '_sleep': This function or variable has been superceded by newer library or operating system functionality. Consider using Sleep instead. See online help for details.
                 D:\Microsoft Visual Studio 11.0\VC\include\stdlib.h(881) : 参见“_sleep”的声明
     1>main.cpp(308): warning C4996: 'kbhit': The POSIX name for this item is deprecated. Instead, use the ISO C++ conformant name: _kbhit. See online help for details.
                 D:\Microsoft Visual Studio 11.0\VC\include\conio.h(133) : 参见“kbhit”的声明
     1>main.cpp(313): warning C4996: 'kbhit': The POSIX name for this item is deprecated. Instead, use the ISO C++ conformant name: _kbhit. See online help for details.
                 D:\Microsoft Visual Studio 11.0\VC\include\conio.h(133) : 参见“kbhit”的声明
     1>main.cpp(339): warning C4996: '_sleep': This function or variable has been superceded by newer library or operating system functionality. Consider using Sleep instead. See online help for details.
                 D:\Microsoft Visual Studio 11.0\VC\include\stdlib.h(881) : 参见“_sleep”的声明
     1>main.cpp(347): warning C4996: '_sleep': This function or variable has been superceded by newer library or operating system functionality. Consider using Sleep instead. See online help for details.
                 D:\Microsoft Visual Studio 11.0\VC\include\stdlib.h(881) : 参见“_sleep”的声明
     1>main.cpp(355): warning C4996: '_sleep': This function or variable has been superceded by newer library or operating system functionality. Consider using Sleep instead. See online help for details.
                 D:\Microsoft Visual Studio 11.0\VC\include\stdlib.h(881) : 参见“_sleep”的声明
     1>main.cpp(363): warning C4996: '_sleep': This function or variable has been superceded by newer library or operating system functionality. Consider using Sleep instead. See online help for details.
                 D:\Microsoft Visual Studio 11.0\VC\include\stdlib.h(881) : 参见“_sleep”的声明
     1>main.cpp(369): warning C4996: '_sleep': This function or variable has been superceded by newer library or operating system functionality. Consider using Sleep instead. See online help for details.
                 D:\Microsoft Visual Studio 11.0\VC\include\stdlib.h(881) : 参见“_sleep”的声明
     1>main.cpp(402): warning C4996: 'kbhit': The POSIX name for this item is deprecated. Instead, use the ISO C++ conformant name: _kbhit. See online help for details.
                 D:\Microsoft Visual Studio 11.0\VC\include\conio.h(133) : 参见“kbhit”的声明
     1>main.cpp(407): warning C4996: 'kbhit': The POSIX name for this item is deprecated. Instead, use the ISO C++ conformant name: _kbhit. See online help for details.
                 D:\Microsoft Visual Studio 11.0\VC\include\conio.h(133) : 参见“kbhit”的声明
     1>main.cpp(434): warning C4996: '_sleep': This function or variable has been superceded by newer library or operating system functionality. Consider using Sleep instead. See online help for details.
                 D:\Microsoft Visual Studio 11.0\VC\include\stdlib.h(881) : 参见“_sleep”的声明
     1>main.cpp(442): warning C4996: '_sleep': This function or variable has been superceded by newer library or operating system functionality. Consider using Sleep instead. See online help for details.
                 D:\Microsoft Visual Studio 11.0\VC\include\stdlib.h(881) : 参见“_sleep”的声明
     1>main.cpp(450): warning C4996: '_sleep': This function or variable has been superceded by newer library or operating system functionality. Consider using Sleep instead. See online help for details.
                 D:\Microsoft Visual Studio 11.0\VC\include\stdlib.h(881) : 参见“_sleep”的声明
     1>main.cpp(458): warning C4996: '_sleep': This function or variable has been superceded by newer library or operating system functionality. Consider using Sleep instead. See online help for details.
                 D:\Microsoft Visual Studio 11.0\VC\include\stdlib.h(881) : 参见“_sleep”的声明
     1>main.cpp(464): warning C4996: '_sleep': This function or variable has been superceded by newer library or operating system functionality. Consider using Sleep instead. See online help for details.
                 D:\Microsoft Visual Studio 11.0\VC\include\stdlib.h(881) : 参见“_sleep”的声明
     1>main.cpp(498): warning C4996: 'kbhit': The POSIX name for this item is deprecated. Instead, use the ISO C++ conformant name: _kbhit. See online help for details.
                 D:\Microsoft Visual Studio 11.0\VC\include\conio.h(133) : 参见“kbhit”的声明
     1>main.cpp(503): warning C4996: 'kbhit': The POSIX name for this item is deprecated. Instead, use the ISO C++ conformant name: _kbhit. See online help for details.
                 D:\Microsoft Visual Studio 11.0\VC\include\conio.h(133) : 参见“kbhit”的声明
     1>main.cpp(529): warning C4996: '_sleep': This function or variable has been superceded by newer library or operating system functionality. Consider using Sleep instead. See online help for details.
                 D:\Microsoft Visual Studio 11.0\VC\include\stdlib.h(881) : 参见“_sleep”的声明
     1>main.cpp(537): warning C4996: '_sleep': This function or variable has been superceded by newer library or operating system functionality. Consider using Sleep instead. See online help for details.
                 D:\Microsoft Visual Studio 11.0\VC\include\stdlib.h(881) : 参见“_sleep”的声明
     1>main.cpp(545): warning C4996: '_sleep': This function or variable has been superceded by newer library or operating system functionality. Consider using Sleep instead. See online help for details.
                 D:\Microsoft Visual Studio 11.0\VC\include\stdlib.h(881) : 参见“_sleep”的声明
     1>main.cpp(553): warning C4996: '_sleep': This function or variable has been superceded by newer library or operating system functionality. Consider using Sleep instead. See online help for details.
                 D:\Microsoft Visual Studio 11.0\VC\include\stdlib.h(881) : 参见“_sleep”的声明
     1>main.cpp(559): warning C4996: '_sleep': This function or variable has been superceded by newer library or operating system functionality. Consider using Sleep instead. See online help for details.
                 D:\Microsoft Visual Studio 11.0\VC\include\stdlib.h(881) : 参见“_sleep”的声明
     1>main.cpp(592): warning C4996: 'kbhit': The POSIX name for this item is deprecated. Instead, use the ISO C++ conformant name: _kbhit. See online help for details.
                 D:\Microsoft Visual Studio 11.0\VC\include\conio.h(133) : 参见“kbhit”的声明
     1>main.cpp(598): warning C4996: 'kbhit': The POSIX name for this item is deprecated. Instead, use the ISO C++ conformant name: _kbhit. See online help for details.
                 D:\Microsoft Visual Studio 11.0\VC\include\conio.h(133) : 参见“kbhit”的声明
     1>main.cpp(624): warning C4996: '_sleep': This function or variable has been superceded by newer library or operating system functionality. Consider using Sleep instead. See online help for details.
                 D:\Microsoft Visual Studio 11.0\VC\include\stdlib.h(881) : 参见“_sleep”的声明
     1>main.cpp(632): warning C4996: '_sleep': This function or variable has been superceded by newer library or operating system functionality. Consider using Sleep instead. See online help for details.
                 D:\Microsoft Visual Studio 11.0\VC\include\stdlib.h(881) : 参见“_sleep”的声明
     1>main.cpp(640): warning C4996: '_sleep': This function or variable has been superceded by newer library or operating system functionality. Consider using Sleep instead. See online help for details.
                 D:\Microsoft Visual Studio 11.0\VC\include\stdlib.h(881) : 参见“_sleep”的声明
     1>main.cpp(648): warning C4996: '_sleep': This function or variable has been superceded by newer library or operating system functionality. Consider using Sleep instead. See online help for details.
                 D:\Microsoft Visual Studio 11.0\VC\include\stdlib.h(881) : 参见“_sleep”的声明
     1>main.cpp(654): warning C4996: '_sleep': This function or variable has been superceded by newer library or operating system functionality. Consider using Sleep instead. See online help for details.
                 D:\Microsoft Visual Studio 11.0\VC\include\stdlib.h(881) : 参见“_sleep”的声明
     1>main.cpp(696): warning C4996: 'kbhit': The POSIX name for this item is deprecated. Instead, use the ISO C++ conformant name: _kbhit. See online help for details.
                 D:\Microsoft Visual Studio 11.0\VC\include\conio.h(133) : 参见“kbhit”的声明
     1>main.cpp(699): warning C4996: 'getch': The POSIX name for this item is deprecated. Instead, use the ISO C++ conformant name: _getch. See online help for details.
                 D:\Microsoft Visual Studio 11.0\VC\include\conio.h(131) : 参见“getch”的声明
     1>main.cpp(707): warning C4996: 'kbhit': The POSIX name for this item is deprecated. Instead, use the ISO C++ conformant name: _kbhit. See online help for details.
                 D:\Microsoft Visual Studio 11.0\VC\include\conio.h(133) : 参见“kbhit”的声明
     1>main.cpp(712): warning C4996: 'kbhit': The POSIX name for this item is deprecated. Instead, use the ISO C++ conformant name: _kbhit. See online help for details.
                 D:\Microsoft Visual Studio 11.0\VC\include\conio.h(133) : 参见“kbhit”的声明
     1>main.cpp(715): warning C4996: 'getch': The POSIX name for this item is deprecated. Instead, use the ISO C++ conformant name: _getch. See online help for details.
                 D:\Microsoft Visual Studio 11.0\VC\include\conio.h(131) : 参见“getch”的声明
     1>main.cpp(58): warning C4101: “dificult”: 未引用的局部变量
       Link:
         D:\Microsoft Visual Studio 11.0\VC\bin\link.exe /ERRORREPORT:PROMPT /OUT:"F:\OOP\EvilCastle\Release\EvilCastle.exe" /NOLOGO kernel32.lib user32.lib gdi32.lib winspool.lib comdlg32.lib advapi32.lib shell32.lib ole32.lib oleaut32.lib uuid.lib odbc32.lib odbccp32.lib /MANIFEST /MANIFESTUAC:"level='asInvoker' uiAccess='false'" /manifest:embed /DEBUG /PDB:"F:\OOP\EvilCastle\Release\EvilCastle.pdb" /OPT:REF /OPT:ICF /LTCG /TLBID:1 /DYNAMICBASE /NXCOMPAT /IMPLIB:"F:\OOP\EvilCastle\Release\EvilCastle.lib" /MACHINE:X86 /SAFESEH Release\achievement.obj
         Release\hero.obj
         Release\information.obj
         Release\main.obj
         Release\mymap.obj
         Release\message.obj
         Release\monster.obj
         Release\room.obj
         Release\shield.obj
         Release\shoe.obj
         Release\weapon.obj
         正在生成代码
     1>f:\oop\evilcastle\evilcastle\room.cpp(63): warning C4715: “room::getroute”: 不是所有的控件路径都返回值
         已完成代码的生成
         EvilCastle.vcxproj -> F:\OOP\EvilCastle\Release\EvilCastle.exe
     1>已完成生成项目“F:\OOP\EvilCastle\EvilCastle\EvilCastle.vcxproj”(Build 个目标)的操作。

生成成功。

已用时间 00:00:08.81
