F:\OOP\EVILCASTLE\EVILCASTLE\DEBUG\ACHIEVEMENT.OBJ
F:\OOP\EVILCASTLE\EVILCASTLE\DEBUG\INFORMATION.OBJ
F:\OOP\EVILCASTLE\EVILCASTLE\DEBUG\MAIN.OBJ
F:\OOP\EVILCASTLE\EVILCASTLE\DEBUG\MESSAGE.OBJ
F:\OOP\EVILCASTLE\EVILCASTLE\DEBUG\MONSTER.OBJ
F:\OOP\EVILCASTLE\EVILCASTLE\DEBUG\ROOM.OBJ
F:\OOP\EVILCASTLE\EVILCASTLE\DEBUG\SHIELD.OBJ
F:\OOP\EVILCASTLE\EVILCASTLE\DEBUG\SHOE.OBJ
F:\OOP\EVILCASTLE\EVILCASTLE\DEBUG\WEAPON.OBJ
F:\OOP\EVILCASTLE\EVILCASTLE\DEBUG\VC110.PDB
F:\OOP\EvilCastle\EvilCastle\Debug\achievement.obj
F:\OOP\EvilCastle\EvilCastle\Debug\information.obj
F:\OOP\EvilCastle\EvilCastle\Debug\main.obj
F:\OOP\EvilCastle\EvilCastle\Debug\message.obj
F:\OOP\EvilCastle\EvilCastle\Debug\monster.obj
F:\OOP\EvilCastle\EvilCastle\Debug\room.obj
F:\OOP\EvilCastle\EvilCastle\Debug\shield.obj
F:\OOP\EvilCastle\EvilCastle\Debug\shoe.obj
F:\OOP\EvilCastle\EvilCastle\Debug\weapon.obj
F:\OOP\EvilCastle\EvilCastle\Debug\cl.command.1.tlog
F:\OOP\EvilCastle\EvilCastle\Debug\CL.read.1.tlog
F:\OOP\EvilCastle\EvilCastle\Debug\CL.write.1.tlog
F:\OOP\EvilCastle\EvilCastle\Debug\vc110.idb
F:\OOP\EvilCastle\EvilCastle\Debug\vc110.pdb
